# JRE version: Java(TM) SE Runtime Environment (17.0.15+9) (build 17.0.15+9-LTS-241)
# Java VM: Java HotSpot(TM) 64-Bit Server VM (17.0.15+9-LTS-241, mixed mode, sharing, tiered, compressed oops, compressed class ptrs, g1 gc, windows-amd64)
GC Precious Log:
 CPUs: 2 total, 2 available
 Memory: 3737M
 Large Page Support: Disabled
 NUMA Support: Disabled
 Compressed Oops: Enabled (Zero based)
 Heap Region Size: 2M
 Heap Min Capacity: 8M
 Heap Initial Capacity: 60M
 Heap Max Capacity: 4G
 Pre-touch: Disabled
 Parallel Workers: 2
 Concurrent Workers: 1
 Concurrent Refinement Workers: 2
 Periodic GC: Disabled
Heap:
 garbage-first heap   total 266240K, used 146768K [0x0000000700000000, 0x0000000800000000)
  region size 2048K, 17 young (34816K), 4 survivors (8192K)
 Metaspace       used 104261K, committed 105216K, reserved 983040K
  class space    used 14319K, committed 14784K, reserved 851968K
GC Heap History (20 events):
Event: 43.704 GC heap before
{Heap before GC invocations=39 (full 0):
 garbage-first heap   total 176128K, used 140296K [0x0000000700000000, 0x0000000800000000)
  region size 2048K, 34 young (69632K), 5 survivors (10240K)
 Metaspace       used 78815K, committed 79744K, reserved 983040K
  class space    used 10880K, committed 11328K, reserved 851968K
}
Event: 43.741 GC heap after
{Heap after GC invocations=40 (full 0):
 garbage-first heap   total 176128K, used 86921K [0x0000000700000000, 0x0000000800000000)
  region size 2048K, 4 young (8192K), 4 survivors (8192K)
 Metaspace       used 78815K, committed 79744K, reserved 983040K
  class space    used 10880K, committed 11328K, reserved 851968K
}
Event: 45.089 GC heap before
{Heap before GC invocations=40 (full 0):
 garbage-first heap   total 176128K, used 140169K [0x0000000700000000, 0x0000000800000000)
  region size 2048K, 30 young (61440K), 4 survivors (8192K)
 Metaspace       used 78845K, committed 79744K, reserved 983040K
  class space    used 10881K, committed 11328K, reserved 851968K
}
Event: 45.110 GC heap after
{Heap after GC invocations=41 (full 0):
 garbage-first heap   total 176128K, used 88661K [0x0000000700000000, 0x0000000800000000)
  region size 2048K, 2 young (4096K), 2 survivors (4096K)
 Metaspace       used 78845K, committed 79744K, reserved 983040K
  class space    used 10881K, committed 11328K, reserved 851968K
}
Event: 46.770 GC heap before
{Heap before GC invocations=42 (full 0):
 garbage-first heap   total 176128K, used 139861K [0x0000000700000000, 0x0000000800000000)
  region size 2048K, 28 young (57344K), 2 survivors (4096K)
 Metaspace       used 78846K, committed 79744K, reserved 983040K
  class space    used 10881K, committed 11328K, reserved 851968K
}
Event: 46.803 GC heap after
{Heap after GC invocations=43 (full 0):
 garbage-first heap   total 176128K, used 89581K [0x0000000700000000, 0x0000000800000000)
  region size 2048K, 3 young (6144K), 3 survivors (6144K)
 Metaspace       used 78846K, committed 79744K, reserved 983040K
  class space    used 10881K, committed 11328K, reserved 851968K
}
Event: 46.920 GC heap before
{Heap before GC invocations=43 (full 0):
 garbage-first heap   total 176128K, used 89581K [0x0000000700000000, 0x0000000800000000)
  region size 2048K, 4 young (8192K), 3 survivors (6144K)
 Metaspace       used 78846K, committed 79744K, reserved 983040K
  class space    used 10881K, committed 11328K, reserved 851968K
}
Event: 46.930 GC heap after
{Heap after GC invocations=44 (full 0):
 garbage-first heap   total 176128K, used 88113K [0x0000000700000000, 0x0000000800000000)
  region size 2048K, 1 young (2048K), 1 survivors (2048K)
 Metaspace       used 78846K, committed 79744K, reserved 983040K
  class space    used 10881K, committed 11328K, reserved 851968K
}
Event: 48.335 GC heap before
{Heap before GC invocations=44 (full 0):
 garbage-first heap   total 176128K, used 139313K [0x0000000700000000, 0x0000000800000000)
  region size 2048K, 27 young (55296K), 1 survivors (2048K)
 Metaspace       used 81104K, committed 81984K, reserved 983040K
  class space    used 11160K, committed 11584K, reserved 851968K
}
Event: 48.349 GC heap after
{Heap after GC invocations=45 (full 0):
 garbage-first heap   total 176128K, used 100352K [0x0000000700000000, 0x0000000800000000)
  region size 2048K, 4 young (8192K), 4 survivors (8192K)
 Metaspace       used 81104K, committed 81984K, reserved 983040K
  class space    used 11160K, committed 11584K, reserved 851968K
}
Event: 49.759 GC heap before
{Heap before GC invocations=46 (full 0):
 garbage-first heap   total 176128K, used 139264K [0x0000000700000000, 0x0000000800000000)
  region size 2048K, 23 young (47104K), 4 survivors (8192K)
 Metaspace       used 84925K, committed 85888K, reserved 983040K
  class space    used 11576K, committed 12032K, reserved 851968K
}
Event: 49.774 GC heap after
{Heap after GC invocations=47 (full 0):
 garbage-first heap   total 176128K, used 106188K [0x0000000700000000, 0x0000000800000000)
  region size 2048K, 3 young (6144K), 3 survivors (6144K)
 Metaspace       used 84925K, committed 85888K, reserved 983040K
  class space    used 11576K, committed 12032K, reserved 851968K
}
Event: 49.781 GC heap before
{Heap before GC invocations=47 (full 0):
 garbage-first heap   total 176128K, used 106188K [0x0000000700000000, 0x0000000800000000)
  region size 2048K, 4 young (8192K), 3 survivors (6144K)
 Metaspace       used 84925K, committed 85888K, reserved 983040K
  class space    used 11576K, committed 12032K, reserved 851968K
}
Event: 49.792 GC heap after
{Heap after GC invocations=48 (full 0):
 garbage-first heap   total 266240K, used 106148K [0x0000000700000000, 0x0000000800000000)
  region size 2048K, 1 young (2048K), 1 survivors (2048K)
 Metaspace       used 84925K, committed 85888K, reserved 983040K
  class space    used 11576K, committed 12032K, reserved 851968K
}
Event: 53.216 GC heap before
{Heap before GC invocations=48 (full 0):
 garbage-first heap   total 266240K, used 206500K [0x0000000700000000, 0x0000000800000000)
  region size 2048K, 49 young (100352K), 1 survivors (2048K)
 Metaspace       used 92010K, committed 93056K, reserved 983040K
  class space    used 12496K, committed 12992K, reserved 851968K
}
Event: 53.230 GC heap after
{Heap after GC invocations=49 (full 0):
 garbage-first heap   total 266240K, used 114334K [0x0000000700000000, 0x0000000800000000)
  region size 2048K, 4 young (8192K), 4 survivors (8192K)
 Metaspace       used 92010K, committed 93056K, reserved 983040K
  class space    used 12496K, committed 12992K, reserved 851968K
}
Event: 55.676 GC heap before
{Heap before GC invocations=49 (full 0):
 garbage-first heap   total 266240K, used 206494K [0x0000000700000000, 0x0000000800000000)
  region size 2048K, 49 young (100352K), 4 survivors (8192K)
 Metaspace       used 96101K, committed 97088K, reserved 983040K
  class space    used 13079K, committed 13568K, reserved 851968K
}
Event: 55.701 GC heap after
{Heap after GC invocations=50 (full 0):
 garbage-first heap   total 266240K, used 119375K [0x0000000700000000, 0x0000000800000000)
  region size 2048K, 6 young (12288K), 6 survivors (12288K)
 Metaspace       used 96101K, committed 97088K, reserved 983040K
  class space    used 13079K, committed 13568K, reserved 851968K
}
Event: 58.552 GC heap before
{Heap before GC invocations=50 (full 0):
 garbage-first heap   total 266240K, used 211535K [0x0000000700000000, 0x0000000800000000)
  region size 2048K, 51 young (104448K), 6 survivors (12288K)
 Metaspace       used 102598K, committed 103616K, reserved 983040K
  class space    used 14086K, committed 14592K, reserved 851968K
}
Event: 58.580 GC heap after
{Heap after GC invocations=51 (full 0):
 garbage-first heap   total 266240K, used 122192K [0x0000000700000000, 0x0000000800000000)
  region size 2048K, 4 young (8192K), 4 survivors (8192K)
 Metaspace       used 102598K, committed 103616K, reserved 983040K
  class space    used 14086K, committed 14592K, reserved 851968K
}

